<?xml version="1.0" encoding="UTF-8"?>
<!-- Generated by org.testng.reporters.JUnitReportReporter -->
<testsuite hostname="DESKTOP-305DRFG" failures="0" tests="3" name="Test.Tests" time="47.862" errors="0" timestamp="2023-08-07T16:15:35 BDT" skipped="0">
  <testcase classname="Test.Tests" name="demoTest" time="0.005"/>
  <testcase classname="Test.Tests" name="login" time="21.525"/>
  <testcase classname="Test.Tests" name="deleteOutPutRSS" time="26.332"/>
</testsuite> <!-- Test.Tests -->
