<?xml version="1.0" encoding="UTF-8"?>
<!-- Generated by org.testng.reporters.JUnitReportReporter -->
<testsuite hostname="DESKTOP-305DRFG" failures="0" tests="1" name="Test.CreateOutputRss" time="0.006" errors="0" timestamp="2023-08-03T11:15:50 BDT" skipped="0">
  <testcase classname="Test.CreateOutputRss" name="demoTest" time="0.006"/>
</testsuite> <!-- Test.CreateOutputRss -->
